<?xml version="1.0" encoding="UTF-8"?>
<testsuite name="de.unistgt.ipvs.vs.ex1.TestCalc" tests="6" skipped="0" failures="0" errors="0" timestamp="2019-11-16T16:35:58" hostname="DESKTOP-MBLC0JR" time="0.052">
  <properties/>
  <testcase name="test1" classname="de.unistgt.ipvs.vs.ex1.TestCalc" time="0.012"/>
  <testcase name="test2" classname="de.unistgt.ipvs.vs.ex1.TestCalc" time="0.008"/>
  <testcase name="test3" classname="de.unistgt.ipvs.vs.ex1.TestCalc" time="0.008"/>
  <testcase name="test4" classname="de.unistgt.ipvs.vs.ex1.TestCalc" time="0.008"/>
  <testcase name="test5" classname="de.unistgt.ipvs.vs.ex1.TestCalc" time="0.009"/>
  <testcase name="test6" classname="de.unistgt.ipvs.vs.ex1.TestCalc" time="0.006"/>
  <system-out><![CDATA[Server-Socket opened at port: 12345
Connected to new client
Sent READY message to client. Now waiting for requests...s
Got READY message from server
Sent '<24:ADD 1 2 3 SUB 3 2 1>' to server
Got a syntactically correct request from client
Reply to correct 'ADD' operator
Added value: 1 to result
Reply to correct '1' operator
Added value: 2 to result
Reply to correct '2' operator
Added value: 3 to result
Reply to correct '3' operator
Reply correct 'SUB' operator
Subtracted value: 3 from result
Reply to correct '3' operator
Subtracted value: 2 from result
Reply to correct '2' operator
Subtracted value: 1 from result
Reply to correct '1' operator
Sent FIN message to client
Request was processed by server
Sent '<08:rEs>' to server
Got a syntactically correct request from client
Reply to correct 'RES' operator
Sent FIN message to client
Request was processed by server
Disconnect was successfull
Client disconnected, ending session.
Started a new Session for client
Server-Socket opened at port: 12346
Connected to new client
Sent READY message to client. Now waiting for requests...s
Got READY message from server
Sent '<50:Add -3 ASM -2 ABC -1 SUB -1 ASM10 -2 ABC09 -3>' to server
Got a syntactically correct request from client
Reply to correct 'ADD' operator
Added value: -3 to result
Reply to correct '-3' operator
Reply to incorrect 'ASM' operator
Added value: -2 to result
Reply to correct '-2' operator
Reply to incorrect 'ABC' operator
Added value: -1 to result
Reply to correct '-1' operator
Reply correct 'SUB' operator
Subtracted value: -1 from result
Reply to correct '-1' operator
Reply to incorrect 'ASM10' operator
Subtracted value: -2 from result
Reply to correct '-2' operator
Reply to incorrect 'ABC09' operator
Subtracted value: -3 from result
Reply to correct '-3' operator
Sent FIN message to client
Request was processed by server
Sent '<08:rEs>' to server
Got a syntactically correct request from client
Reply to correct 'RES' operator
Sent FIN message to client
Request was processed by server
Disconnect was successfull
Client disconnected, ending session.
Started a new Session for client
Server-Socket opened at port: 12347
Connected to new client
Sent READY message to client. Now waiting for requests...s
Got READY message from server
Sent '24 foo 42 <57:  MUL  1   ASM  ADD ABC 10    5  SUB 100 ADD10   ADD>' to server
Got a syntactically correct request from client
Reply to correct 'MUL' operator
Multiplied value: 1 to result
Reply to correct '1' operator
Reply to incorrect 'ASM' operator
Reply to correct 'ADD' operator
Reply to incorrect 'ABC' operator
Added value: 10 to result
Reply to correct '10' operator
Added value: 5 to result
Reply to correct '5' operator
Reply correct 'SUB' operator
Subtracted value: 100 from result
Reply to correct '100' operator
Reply to incorrect 'ADD10' operator
Reply to correct 'ADD' operator
Sent FIN message to client
Request was processed by server
Sent 'a faq 23 <22:60 4 MUL -2 RES  > bla 42 ' to server
Got a syntactically correct request from client
Added value: 60 to result
Reply to correct '60' operator
Added value: 4 to result
Reply to correct '4' operator
Reply to correct 'MUL' operator
Multiplied value: -2 to result
Reply to correct '-2' operator
Reply to correct 'RES' operator
Sent FIN message to client
Request was processed by server
Disconnect was successfull
Client disconnected, ending session.
Started a new Session for client
Server-Socket opened at port: 12348
Connected to new client
Sent READY message to client. Now waiting for requests...s
Got READY message from server
Sent '24 foo 42 <61:6 AD  MUL  1   ASM  ADD ABC 10    5  SUB 100 ADD10   ADD>' to server
Got a syntactically correct request from client
Operator is '6', but no calc operation is set
Reply to incorrect 'AD' operator
Reply to correct 'MUL' operator
Multiplied value: 1 to result
Reply to correct '1' operator
Reply to incorrect 'ASM' operator
Reply to correct 'ADD' operator
Reply to incorrect 'ABC' operator
Added value: 10 to result
Reply to correct '10' operator
Added value: 5 to result
Reply to correct '5' operator
Reply correct 'SUB' operator
Subtracted value: 100 from result
Reply to correct '100' operator
Reply to incorrect 'ADD10' operator
Reply to correct 'ADD' operator
Sent FIN message to client
Request was processed by server
Sent 'a faq 23 <22:60 4 MUL -2 RES  > bla 42 ' to server
Got a syntactically correct request from client
Added value: 60 to result
Reply to correct '60' operator
Added value: 4 to result
Reply to correct '4' operator
Reply to correct 'MUL' operator
Multiplied value: -2 to result
Reply to correct '-2' operator
Reply to correct 'RES' operator
Sent FIN message to client
Request was processed by server
Client disconnected, ending session.
Started a new Session for client
Disconnect was successfull
Server-Socket opened at port: 12349
Connected to new client
Sent READY message to client. Now waiting for requests...s
Got READY message from server
Sent '24 foo 42 <61:6 AD  MUL  1   ASM  ADD ABC 10    5  SUB 100 ADD10   ADD>' to server
Got a syntactically correct request from client
Operator is '6', but no calc operation is set
Reply to incorrect 'AD' operator
Reply to correct 'MUL' operator
Multiplied value: 1 to result
Reply to correct '1' operator
Reply to incorrect 'ASM' operator
Reply to correct 'ADD' operator
Reply to incorrect 'ABC' operator
Added value: 10 to result
Reply to correct '10' operator
Added value: 5 to result
Reply to correct '5' operator
Reply correct 'SUB' operator
Subtracted value: 100 from result
Reply to correct '100' operator
Reply to incorrect 'ADD10' operator
Reply to correct 'ADD' operator
Sent FIN message to client
Request was processed by server
Sent 'a faq 23 <31:60 4 MUL -2 RES  ADD 1 RES> bla 42 ' to server
Got a syntactically correct request from client
Added value: 60 to result
Reply to correct '60' operator
Added value: 4 to result
Reply to correct '4' operator
Reply to correct 'MUL' operator
Multiplied value: -2 to result
Reply to correct '-2' operator
Reply to correct 'RES' operator
Reply to correct 'ADD' operator
Added value: 1 to result
Reply to correct '1' operator
Reply to correct 'RES' operator
Sent FIN message to client
Request was processed by server
Client disconnected, ending session.
Started a new Session for client
Disconnect was successfull
Server-Socket opened at port: 12350
Connected to new client
Sent READY message to client. Now waiting for requests...s
Got READY message from server
Sent '24 foo 42 <31:ADD  --1   ASM  ADD 10 RES>' to server
Got a syntactically correct request from client
Reply to correct 'ADD' operator
Reply to incorrect '--1' operator
Reply to incorrect 'ASM' operator
Reply to correct 'ADD' operator
Added value: 10 to result
Reply to correct '10' operator
Reply to correct 'RES' operator
Sent FIN message to client
Request was processed by server
Client disconnected, ending session.
Disconnect was successfull
Started a new Session for client
]]></system-out>
  <system-err><![CDATA[]]></system-err>
</testsuite>
