<?xml version="1.0" encoding="UTF-8"?>
<testsuite name="de.unistgt.ipvs.vs.ex1.TestCalc" tests="6" skipped="0" failures="0" errors="0" timestamp="2019-11-16T15:42:18" hostname="DESKTOP-MBLC0JR" time="0.07">
  <properties/>
  <testcase name="test1" classname="de.unistgt.ipvs.vs.ex1.TestCalc" time="0.048"/>
  <testcase name="test2" classname="de.unistgt.ipvs.vs.ex1.TestCalc" time="0.005"/>
  <testcase name="test3" classname="de.unistgt.ipvs.vs.ex1.TestCalc" time="0.004"/>
  <testcase name="test4" classname="de.unistgt.ipvs.vs.ex1.TestCalc" time="0.003"/>
  <testcase name="test5" classname="de.unistgt.ipvs.vs.ex1.TestCalc" time="0.005"/>
  <testcase name="test6" classname="de.unistgt.ipvs.vs.ex1.TestCalc" time="0.003"/>
  <system-out><![CDATA[]]></system-out>
  <system-err><![CDATA[]]></system-err>
</testsuite>
