<?xml version="1.0" encoding="UTF-8"?>
<testsuite name="de.unistgt.ipvs.vs.ex2.TestRMICalc" tests="2" skipped="0" failures="0" errors="0" timestamp="2019-11-16T15:42:18" hostname="DESKTOP-MBLC0JR" time="6.032">
  <properties/>
  <testcase name="test1" classname="de.unistgt.ipvs.vs.ex2.TestRMICalc" time="3.021"/>
  <testcase name="test2" classname="de.unistgt.ipvs.vs.ex2.TestRMICalc" time="3.011"/>
  <system-out><![CDATA[Binding of Factory was successful!
Binding of Factory was successful!
]]></system-out>
  <system-err><![CDATA[]]></system-err>
</testsuite>
