<?xml version="1.0" encoding="UTF-8"?>
<testsuite name="de.unistgt.ipvs.vs.ex1.TestCalc" tests="3" skipped="0" failures="0" errors="0" timestamp="2019-11-13T11:54:19" hostname="DESKTOP-MBLC0JR" time="0.075">
  <properties/>
  <testcase name="test1" classname="de.unistgt.ipvs.vs.ex1.TestCalc" time="0.065"/>
  <testcase name="test2" classname="de.unistgt.ipvs.vs.ex1.TestCalc" time="0.005"/>
  <testcase name="test3" classname="de.unistgt.ipvs.vs.ex1.TestCalc" time="0.005"/>
  <system-out><![CDATA[]]></system-out>
  <system-err><![CDATA[]]></system-err>
</testsuite>
